<?xml version="1.0" encoding="UTF-8"?>
<testsuite xmlns:xsi="http://www.w3.org/2001/XMLSchema-instance" xsi:noNamespaceSchemaLocation="https://maven.apache.org/surefire/maven-surefire-plugin/xsd/surefire-test-report.xsd" name="com.afterpay.app.appium.tests.ANZ.CreateAccountTests.FieldValidationErrorTests" time="35.043" tests="2" errors="0" skipped="0" failures="0">
  <properties>
    <property name="java.specification.version" value="15"/>
    <property name="sun.jnu.encoding" value="UTF-8"/>
    <property name="java.class.path" value="/Users/tinika.pasinetti/Documents/Afterpay_Automation/app.appium/target/test-classes:/Users/tinika.pasinetti/Documents/Afterpay_Automation/app.appium/target/classes:/Users/tinika.pasinetti/.m2/repository/com/googlecode/json-simple/json-simple/1.1.1/json-simple-1.1.1.jar:/Users/tinika.pasinetti/.m2/repository/org/junit/jupiter/junit-jupiter-api/5.7.0-RC1/junit-jupiter-api-5.7.0-RC1.jar:/Users/tinika.pasinetti/.m2/repository/org/apiguardian/apiguardian-api/1.1.0/apiguardian-api-1.1.0.jar:/Users/tinika.pasinetti/.m2/repository/org/opentest4j/opentest4j/1.2.0/opentest4j-1.2.0.jar:/Users/tinika.pasinetti/.m2/repository/org/junit/platform/junit-platform-commons/1.7.0-RC1/junit-platform-commons-1.7.0-RC1.jar:/Users/tinika.pasinetti/.m2/repository/org/junit/jupiter/junit-jupiter-params/5.7.0-RC1/junit-jupiter-params-5.7.0-RC1.jar:/Users/tinika.pasinetti/.m2/repository/org/junit/jupiter/junit-jupiter-engine/5.7.0-RC1/junit-jupiter-engine-5.7.0-RC1.jar:/Users/tinika.pasinetti/.m2/repository/org/junit/platform/junit-platform-engine/1.7.0-RC1/junit-platform-engine-1.7.0-RC1.jar:/Users/tinika.pasinetti/.m2/repository/com/seitenbau/testing/junit-parameterized-test/1.0.0/junit-parameterized-test-1.0.0.jar:/Users/tinika.pasinetti/.m2/repository/com/thoughtworks/xstream/xstream/1.3/xstream-1.3.jar:/Users/tinika.pasinetti/.m2/repository/xpp3/xpp3_min/1.1.4c/xpp3_min-1.1.4c.jar:/Users/tinika.pasinetti/.m2/repository/junit/junit/4.11/junit-4.11.jar:/Users/tinika.pasinetti/.m2/repository/org/hamcrest/hamcrest-core/1.3/hamcrest-core-1.3.jar:/Users/tinika.pasinetti/.m2/repository/org/apache/logging/log4j/log4j-core/2.13.3/log4j-core-2.13.3.jar:/Users/tinika.pasinetti/.m2/repository/org/apache/logging/log4j/log4j-api/2.13.3/log4j-api-2.13.3.jar:/Users/tinika.pasinetti/.m2/repository/io/qameta/allure/allure-junit5/2.13.5/allure-junit5-2.13.5.jar:/Users/tinika.pasinetti/.m2/repository/io/qameta/allure/allure-junit-platform/2.13.5/allure-junit-platform-2.13.5.jar:/Users/tinika.pasinetti/.m2/repository/io/qameta/allure/allure-java-commons/2.13.5/allure-java-commons-2.13.5.jar:/Users/tinika.pasinetti/.m2/repository/io/qameta/allure/allure-model/2.13.5/allure-model-2.13.5.jar:/Users/tinika.pasinetti/.m2/repository/com/fasterxml/jackson/core/jackson-databind/2.9.8/jackson-databind-2.9.8.jar:/Users/tinika.pasinetti/.m2/repository/com/fasterxml/jackson/core/jackson-annotations/2.9.0/jackson-annotations-2.9.0.jar:/Users/tinika.pasinetti/.m2/repository/com/fasterxml/jackson/core/jackson-core/2.9.8/jackson-core-2.9.8.jar:/Users/tinika.pasinetti/.m2/repository/org/apache/tika/tika-core/1.20/tika-core-1.20.jar:/Users/tinika.pasinetti/.m2/repository/org/jooq/joor-java-8/0.9.10/joor-java-8-0.9.10.jar:/Users/tinika.pasinetti/.m2/repository/org/junit/platform/junit-platform-launcher/1.5.2/junit-platform-launcher-1.5.2.jar:/Users/tinika.pasinetti/.m2/repository/com/assertthat/selenium-shutterbug/0.9.3/selenium-shutterbug-0.9.3.jar:/Users/tinika.pasinetti/.m2/repository/commons-io/commons-io/2.6/commons-io-2.6.jar:/Users/tinika.pasinetti/.m2/repository/org/projectlombok/lombok/1.18.8/lombok-1.18.8.jar:/Users/tinika.pasinetti/.m2/repository/com/github/zafarkhaja/java-semver/0.9.0/java-semver-0.9.0.jar:/Users/tinika.pasinetti/.m2/repository/io/appium/java-client/7.1.0/java-client-7.1.0.jar:/Users/tinika.pasinetti/.m2/repository/org/seleniumhq/selenium/selenium-support/4.0.0-alpha-1/selenium-support-4.0.0-alpha-1.jar:/Users/tinika.pasinetti/.m2/repository/org/seleniumhq/selenium/selenium-remote-driver/4.0.0-alpha-1/selenium-remote-driver-4.0.0-alpha-1.jar:/Users/tinika.pasinetti/.m2/repository/net/bytebuddy/byte-buddy/1.9.12/byte-buddy-1.9.12.jar:/Users/tinika.pasinetti/.m2/repository/org/apache/commons/commons-exec/1.3/commons-exec-1.3.jar:/Users/tinika.pasinetti/.m2/repository/com/google/guava/guava/27.1-jre/guava-27.1-jre.jar:/Users/tinika.pasinetti/.m2/repository/com/google/guava/failureaccess/1.0.1/failureaccess-1.0.1.jar:/Users/tinika.pasinetti/.m2/repository/com/google/guava/listenablefuture/9999.0-empty-to-avoid-conflict-with-guava/listenablefuture-9999.0-empty-to-avoid-conflict-with-guava.jar:/Users/tinika.pasinetti/.m2/repository/com/google/code/findbugs/jsr305/3.0.2/jsr305-3.0.2.jar:/Users/tinika.pasinetti/.m2/repository/org/checkerframework/checker-qual/2.5.2/checker-qual-2.5.2.jar:/Users/tinika.pasinetti/.m2/repository/com/google/errorprone/error_prone_annotations/2.2.0/error_prone_annotations-2.2.0.jar:/Users/tinika.pasinetti/.m2/repository/com/google/j2objc/j2objc-annotations/1.1/j2objc-annotations-1.1.jar:/Users/tinika.pasinetti/.m2/repository/org/codehaus/mojo/animal-sniffer-annotations/1.17/animal-sniffer-annotations-1.17.jar:/Users/tinika.pasinetti/.m2/repository/com/squareup/okhttp3/okhttp/3.14.0/okhttp-3.14.0.jar:/Users/tinika.pasinetti/.m2/repository/com/squareup/okio/okio/1.17.2/okio-1.17.2.jar:/Users/tinika.pasinetti/.m2/repository/org/seleniumhq/selenium/selenium-api/4.0.0-alpha-1/selenium-api-4.0.0-alpha-1.jar:/Users/tinika.pasinetti/.m2/repository/com/google/code/gson/gson/2.8.5/gson-2.8.5.jar:/Users/tinika.pasinetti/.m2/repository/org/apache/httpcomponents/httpclient/4.5.8/httpclient-4.5.8.jar:/Users/tinika.pasinetti/.m2/repository/org/apache/httpcomponents/httpcore/4.4.11/httpcore-4.4.11.jar:/Users/tinika.pasinetti/.m2/repository/commons-logging/commons-logging/1.2/commons-logging-1.2.jar:/Users/tinika.pasinetti/.m2/repository/commons-codec/commons-codec/1.11/commons-codec-1.11.jar:/Users/tinika.pasinetti/.m2/repository/cglib/cglib/3.2.10/cglib-3.2.10.jar:/Users/tinika.pasinetti/.m2/repository/org/ow2/asm/asm/7.0/asm-7.0.jar:/Users/tinika.pasinetti/.m2/repository/org/apache/ant/ant/1.10.3/ant-1.10.3.jar:/Users/tinika.pasinetti/.m2/repository/org/apache/ant/ant-launcher/1.10.3/ant-launcher-1.10.3.jar:/Users/tinika.pasinetti/.m2/repository/commons-validator/commons-validator/1.6/commons-validator-1.6.jar:/Users/tinika.pasinetti/.m2/repository/commons-beanutils/commons-beanutils/1.9.2/commons-beanutils-1.9.2.jar:/Users/tinika.pasinetti/.m2/repository/commons-digester/commons-digester/1.8.1/commons-digester-1.8.1.jar:/Users/tinika.pasinetti/.m2/repository/commons-collections/commons-collections/3.2.2/commons-collections-3.2.2.jar:/Users/tinika.pasinetti/.m2/repository/org/apache/commons/commons-lang3/3.9/commons-lang3-3.9.jar:/Users/tinika.pasinetti/.m2/repository/org/springframework/spring-context/5.1.6.RELEASE/spring-context-5.1.6.RELEASE.jar:/Users/tinika.pasinetti/.m2/repository/org/springframework/spring-aop/5.1.6.RELEASE/spring-aop-5.1.6.RELEASE.jar:/Users/tinika.pasinetti/.m2/repository/org/springframework/spring-beans/5.1.6.RELEASE/spring-beans-5.1.6.RELEASE.jar:/Users/tinika.pasinetti/.m2/repository/org/springframework/spring-core/5.1.6.RELEASE/spring-core-5.1.6.RELEASE.jar:/Users/tinika.pasinetti/.m2/repository/org/springframework/spring-jcl/5.1.6.RELEASE/spring-jcl-5.1.6.RELEASE.jar:/Users/tinika.pasinetti/.m2/repository/org/springframework/spring-expression/5.1.6.RELEASE/spring-expression-5.1.6.RELEASE.jar:/Users/tinika.pasinetti/.m2/repository/org/aspectj/aspectjweaver/1.9.3/aspectjweaver-1.9.3.jar:/Users/tinika.pasinetti/.m2/repository/org/slf4j/slf4j-api/1.7.26/slf4j-api-1.7.26.jar:/Users/tinika.pasinetti/.m2/repository/org/seleniumhq/selenium/selenium-java/4.0.0-alpha-1/selenium-java-4.0.0-alpha-1.jar:/Users/tinika.pasinetti/.m2/repository/org/seleniumhq/selenium/selenium-chrome-driver/4.0.0-alpha-1/selenium-chrome-driver-4.0.0-alpha-1.jar:/Users/tinika.pasinetti/.m2/repository/org/seleniumhq/selenium/selenium-edge-driver/4.0.0-alpha-1/selenium-edge-driver-4.0.0-alpha-1.jar:/Users/tinika.pasinetti/.m2/repository/org/seleniumhq/selenium/selenium-firefox-xpi-driver/4.0.0-alpha-1/selenium-firefox-xpi-driver-4.0.0-alpha-1.jar:/Users/tinika.pasinetti/.m2/repository/org/seleniumhq/selenium/selenium-firefox-driver/4.0.0-alpha-1/selenium-firefox-driver-4.0.0-alpha-1.jar:/Users/tinika.pasinetti/.m2/repository/org/seleniumhq/selenium/selenium-ie-driver/4.0.0-alpha-1/selenium-ie-driver-4.0.0-alpha-1.jar:/Users/tinika.pasinetti/.m2/repository/org/seleniumhq/selenium/selenium-opera-driver/4.0.0-alpha-1/selenium-opera-driver-4.0.0-alpha-1.jar:/Users/tinika.pasinetti/.m2/repository/org/seleniumhq/selenium/selenium-safari-driver/4.0.0-alpha-1/selenium-safari-driver-4.0.0-alpha-1.jar:"/>
    <property name="java.vm.vendor" value="Oracle Corporation"/>
    <property name="sun.arch.data.model" value="64"/>
    <property name="java.vendor.url" value="https://openjdk.java.net/"/>
    <property name="user.timezone" value="Australia/Melbourne"/>
    <property name="os.name" value="Mac OS X"/>
    <property name="java.vm.specification.version" value="15"/>
    <property name="sun.java.launcher" value="SUN_STANDARD"/>
    <property name="user.country" value="AU"/>
    <property name="sun.boot.library.path" value="/usr/local/Cellar/openjdk/15.0.1/libexec/openjdk.jdk/Contents/Home/lib"/>
    <property name="sun.java.command" value="/Users/tinika.pasinetti/Documents/Afterpay_Automation/app.appium/target/surefire/surefirebooter6703137077217355166.jar /Users/tinika.pasinetti/Documents/Afterpay_Automation/app.appium/target/surefire 2021-03-02T13-24-45_744-jvmRun1 surefire4147451805127658867tmp surefire_014638274339156920429tmp"/>
    <property name="jdk.debug" value="release"/>
    <property name="test" value="com.afterpay.app.appium.tests.ANZ.CreateAccountTests.*Tests"/>
    <property name="surefire.test.class.path" value="/Users/tinika.pasinetti/Documents/Afterpay_Automation/app.appium/target/test-classes:/Users/tinika.pasinetti/Documents/Afterpay_Automation/app.appium/target/classes:/Users/tinika.pasinetti/.m2/repository/com/googlecode/json-simple/json-simple/1.1.1/json-simple-1.1.1.jar:/Users/tinika.pasinetti/.m2/repository/org/junit/jupiter/junit-jupiter-api/5.7.0-RC1/junit-jupiter-api-5.7.0-RC1.jar:/Users/tinika.pasinetti/.m2/repository/org/apiguardian/apiguardian-api/1.1.0/apiguardian-api-1.1.0.jar:/Users/tinika.pasinetti/.m2/repository/org/opentest4j/opentest4j/1.2.0/opentest4j-1.2.0.jar:/Users/tinika.pasinetti/.m2/repository/org/junit/platform/junit-platform-commons/1.7.0-RC1/junit-platform-commons-1.7.0-RC1.jar:/Users/tinika.pasinetti/.m2/repository/org/junit/jupiter/junit-jupiter-params/5.7.0-RC1/junit-jupiter-params-5.7.0-RC1.jar:/Users/tinika.pasinetti/.m2/repository/org/junit/jupiter/junit-jupiter-engine/5.7.0-RC1/junit-jupiter-engine-5.7.0-RC1.jar:/Users/tinika.pasinetti/.m2/repository/org/junit/platform/junit-platform-engine/1.7.0-RC1/junit-platform-engine-1.7.0-RC1.jar:/Users/tinika.pasinetti/.m2/repository/com/seitenbau/testing/junit-parameterized-test/1.0.0/junit-parameterized-test-1.0.0.jar:/Users/tinika.pasinetti/.m2/repository/com/thoughtworks/xstream/xstream/1.3/xstream-1.3.jar:/Users/tinika.pasinetti/.m2/repository/xpp3/xpp3_min/1.1.4c/xpp3_min-1.1.4c.jar:/Users/tinika.pasinetti/.m2/repository/junit/junit/4.11/junit-4.11.jar:/Users/tinika.pasinetti/.m2/repository/org/hamcrest/hamcrest-core/1.3/hamcrest-core-1.3.jar:/Users/tinika.pasinetti/.m2/repository/org/apache/logging/log4j/log4j-core/2.13.3/log4j-core-2.13.3.jar:/Users/tinika.pasinetti/.m2/repository/org/apache/logging/log4j/log4j-api/2.13.3/log4j-api-2.13.3.jar:/Users/tinika.pasinetti/.m2/repository/io/qameta/allure/allure-junit5/2.13.5/allure-junit5-2.13.5.jar:/Users/tinika.pasinetti/.m2/repository/io/qameta/allure/allure-junit-platform/2.13.5/allure-junit-platform-2.13.5.jar:/Users/tinika.pasinetti/.m2/repository/io/qameta/allure/allure-java-commons/2.13.5/allure-java-commons-2.13.5.jar:/Users/tinika.pasinetti/.m2/repository/io/qameta/allure/allure-model/2.13.5/allure-model-2.13.5.jar:/Users/tinika.pasinetti/.m2/repository/com/fasterxml/jackson/core/jackson-databind/2.9.8/jackson-databind-2.9.8.jar:/Users/tinika.pasinetti/.m2/repository/com/fasterxml/jackson/core/jackson-annotations/2.9.0/jackson-annotations-2.9.0.jar:/Users/tinika.pasinetti/.m2/repository/com/fasterxml/jackson/core/jackson-core/2.9.8/jackson-core-2.9.8.jar:/Users/tinika.pasinetti/.m2/repository/org/apache/tika/tika-core/1.20/tika-core-1.20.jar:/Users/tinika.pasinetti/.m2/repository/org/jooq/joor-java-8/0.9.10/joor-java-8-0.9.10.jar:/Users/tinika.pasinetti/.m2/repository/org/junit/platform/junit-platform-launcher/1.5.2/junit-platform-launcher-1.5.2.jar:/Users/tinika.pasinetti/.m2/repository/com/assertthat/selenium-shutterbug/0.9.3/selenium-shutterbug-0.9.3.jar:/Users/tinika.pasinetti/.m2/repository/commons-io/commons-io/2.6/commons-io-2.6.jar:/Users/tinika.pasinetti/.m2/repository/org/projectlombok/lombok/1.18.8/lombok-1.18.8.jar:/Users/tinika.pasinetti/.m2/repository/com/github/zafarkhaja/java-semver/0.9.0/java-semver-0.9.0.jar:/Users/tinika.pasinetti/.m2/repository/io/appium/java-client/7.1.0/java-client-7.1.0.jar:/Users/tinika.pasinetti/.m2/repository/org/seleniumhq/selenium/selenium-support/4.0.0-alpha-1/selenium-support-4.0.0-alpha-1.jar:/Users/tinika.pasinetti/.m2/repository/org/seleniumhq/selenium/selenium-remote-driver/4.0.0-alpha-1/selenium-remote-driver-4.0.0-alpha-1.jar:/Users/tinika.pasinetti/.m2/repository/net/bytebuddy/byte-buddy/1.9.12/byte-buddy-1.9.12.jar:/Users/tinika.pasinetti/.m2/repository/org/apache/commons/commons-exec/1.3/commons-exec-1.3.jar:/Users/tinika.pasinetti/.m2/repository/com/google/guava/guava/27.1-jre/guava-27.1-jre.jar:/Users/tinika.pasinetti/.m2/repository/com/google/guava/failureaccess/1.0.1/failureaccess-1.0.1.jar:/Users/tinika.pasinetti/.m2/repository/com/google/guava/listenablefuture/9999.0-empty-to-avoid-conflict-with-guava/listenablefuture-9999.0-empty-to-avoid-conflict-with-guava.jar:/Users/tinika.pasinetti/.m2/repository/com/google/code/findbugs/jsr305/3.0.2/jsr305-3.0.2.jar:/Users/tinika.pasinetti/.m2/repository/org/checkerframework/checker-qual/2.5.2/checker-qual-2.5.2.jar:/Users/tinika.pasinetti/.m2/repository/com/google/errorprone/error_prone_annotations/2.2.0/error_prone_annotations-2.2.0.jar:/Users/tinika.pasinetti/.m2/repository/com/google/j2objc/j2objc-annotations/1.1/j2objc-annotations-1.1.jar:/Users/tinika.pasinetti/.m2/repository/org/codehaus/mojo/animal-sniffer-annotations/1.17/animal-sniffer-annotations-1.17.jar:/Users/tinika.pasinetti/.m2/repository/com/squareup/okhttp3/okhttp/3.14.0/okhttp-3.14.0.jar:/Users/tinika.pasinetti/.m2/repository/com/squareup/okio/okio/1.17.2/okio-1.17.2.jar:/Users/tinika.pasinetti/.m2/repository/org/seleniumhq/selenium/selenium-api/4.0.0-alpha-1/selenium-api-4.0.0-alpha-1.jar:/Users/tinika.pasinetti/.m2/repository/com/google/code/gson/gson/2.8.5/gson-2.8.5.jar:/Users/tinika.pasinetti/.m2/repository/org/apache/httpcomponents/httpclient/4.5.8/httpclient-4.5.8.jar:/Users/tinika.pasinetti/.m2/repository/org/apache/httpcomponents/httpcore/4.4.11/httpcore-4.4.11.jar:/Users/tinika.pasinetti/.m2/repository/commons-logging/commons-logging/1.2/commons-logging-1.2.jar:/Users/tinika.pasinetti/.m2/repository/commons-codec/commons-codec/1.11/commons-codec-1.11.jar:/Users/tinika.pasinetti/.m2/repository/cglib/cglib/3.2.10/cglib-3.2.10.jar:/Users/tinika.pasinetti/.m2/repository/org/ow2/asm/asm/7.0/asm-7.0.jar:/Users/tinika.pasinetti/.m2/repository/org/apache/ant/ant/1.10.3/ant-1.10.3.jar:/Users/tinika.pasinetti/.m2/repository/org/apache/ant/ant-launcher/1.10.3/ant-launcher-1.10.3.jar:/Users/tinika.pasinetti/.m2/repository/commons-validator/commons-validator/1.6/commons-validator-1.6.jar:/Users/tinika.pasinetti/.m2/repository/commons-beanutils/commons-beanutils/1.9.2/commons-beanutils-1.9.2.jar:/Users/tinika.pasinetti/.m2/repository/commons-digester/commons-digester/1.8.1/commons-digester-1.8.1.jar:/Users/tinika.pasinetti/.m2/repository/commons-collections/commons-collections/3.2.2/commons-collections-3.2.2.jar:/Users/tinika.pasinetti/.m2/repository/org/apache/commons/commons-lang3/3.9/commons-lang3-3.9.jar:/Users/tinika.pasinetti/.m2/repository/org/springframework/spring-context/5.1.6.RELEASE/spring-context-5.1.6.RELEASE.jar:/Users/tinika.pasinetti/.m2/repository/org/springframework/spring-aop/5.1.6.RELEASE/spring-aop-5.1.6.RELEASE.jar:/Users/tinika.pasinetti/.m2/repository/org/springframework/spring-beans/5.1.6.RELEASE/spring-beans-5.1.6.RELEASE.jar:/Users/tinika.pasinetti/.m2/repository/org/springframework/spring-core/5.1.6.RELEASE/spring-core-5.1.6.RELEASE.jar:/Users/tinika.pasinetti/.m2/repository/org/springframework/spring-jcl/5.1.6.RELEASE/spring-jcl-5.1.6.RELEASE.jar:/Users/tinika.pasinetti/.m2/repository/org/springframework/spring-expression/5.1.6.RELEASE/spring-expression-5.1.6.RELEASE.jar:/Users/tinika.pasinetti/.m2/repository/org/aspectj/aspectjweaver/1.9.3/aspectjweaver-1.9.3.jar:/Users/tinika.pasinetti/.m2/repository/org/slf4j/slf4j-api/1.7.26/slf4j-api-1.7.26.jar:/Users/tinika.pasinetti/.m2/repository/org/seleniumhq/selenium/selenium-java/4.0.0-alpha-1/selenium-java-4.0.0-alpha-1.jar:/Users/tinika.pasinetti/.m2/repository/org/seleniumhq/selenium/selenium-chrome-driver/4.0.0-alpha-1/selenium-chrome-driver-4.0.0-alpha-1.jar:/Users/tinika.pasinetti/.m2/repository/org/seleniumhq/selenium/selenium-edge-driver/4.0.0-alpha-1/selenium-edge-driver-4.0.0-alpha-1.jar:/Users/tinika.pasinetti/.m2/repository/org/seleniumhq/selenium/selenium-firefox-xpi-driver/4.0.0-alpha-1/selenium-firefox-xpi-driver-4.0.0-alpha-1.jar:/Users/tinika.pasinetti/.m2/repository/org/seleniumhq/selenium/selenium-firefox-driver/4.0.0-alpha-1/selenium-firefox-driver-4.0.0-alpha-1.jar:/Users/tinika.pasinetti/.m2/repository/org/seleniumhq/selenium/selenium-ie-driver/4.0.0-alpha-1/selenium-ie-driver-4.0.0-alpha-1.jar:/Users/tinika.pasinetti/.m2/repository/org/seleniumhq/selenium/selenium-opera-driver/4.0.0-alpha-1/selenium-opera-driver-4.0.0-alpha-1.jar:/Users/tinika.pasinetti/.m2/repository/org/seleniumhq/selenium/selenium-safari-driver/4.0.0-alpha-1/selenium-safari-driver-4.0.0-alpha-1.jar:"/>
    <property name="sun.cpu.endian" value="little"/>
    <property name="user.home" value="/Users/tinika.pasinetti"/>
    <property name="user.language" value="en"/>
    <property name="java.specification.vendor" value="Oracle Corporation"/>
    <property name="java.version.date" value="2020-10-20"/>
    <property name="java.home" value="/usr/local/Cellar/openjdk/15.0.1/libexec/openjdk.jdk/Contents/Home"/>
    <property name="file.separator" value="/"/>
    <property name="basedir" value="/Users/tinika.pasinetti/Documents/Afterpay_Automation/app.appium"/>
    <property name="java.vm.compressedOopsMode" value="Zero based"/>
    <property name="line.separator" value="&#10;"/>
    <property name="java.vm.specification.vendor" value="Oracle Corporation"/>
    <property name="java.specification.name" value="Java Platform API Specification"/>
    <property name="surefire.real.class.path" value="/Users/tinika.pasinetti/Documents/Afterpay_Automation/app.appium/target/surefire/surefirebooter6703137077217355166.jar"/>
    <property name="sun.management.compiler" value="HotSpot 64-Bit Tiered Compilers"/>
    <property name="java.runtime.version" value="15.0.1+9"/>
    <property name="user.name" value="tinika.pasinetti"/>
    <property name="path.separator" value=":"/>
    <property name="os.version" value="10.15.7"/>
    <property name="java.runtime.name" value="OpenJDK Runtime Environment"/>
    <property name="file.encoding" value="UTF-8"/>
    <property name="java.vm.name" value="OpenJDK 64-Bit Server VM"/>
    <property name="localRepository" value="/Users/tinika.pasinetti/.m2/repository"/>
    <property name="java.vendor.url.bug" value="https://bugreport.java.com/bugreport/"/>
    <property name="java.io.tmpdir" value="/var/folders/20/jwxy6wb94t16dfmq1l_t9tzc0000gp/T/"/>
    <property name="java.version" value="15.0.1"/>
    <property name="user.dir" value="/Users/tinika.pasinetti/Documents/Afterpay_Automation/app.appium"/>
    <property name="os.arch" value="x86_64"/>
    <property name="java.vm.specification.name" value="Java Virtual Machine Specification"/>
    <property name="java.library.path" value="/Users/tinika.pasinetti/Library/Java/Extensions:/Library/Java/Extensions:/Network/Library/Java/Extensions:/System/Library/Java/Extensions:/usr/lib/java:."/>
    <property name="java.vm.info" value="mixed mode, sharing"/>
    <property name="java.vendor" value="N/A"/>
    <property name="java.vm.version" value="15.0.1+9"/>
    <property name="sun.io.unicode.encoding" value="UnicodeBig"/>
    <property name="java.class.version" value="59.0"/>
  </properties>
  <testcase name="verifyInvalidEmailAndMobileErrorMessages{ANZ_CreateAccountData}[1]" classname="com.afterpay.app.appium.tests.ANZ.CreateAccountTests.FieldValidationErrorTests" time="16.489"/>
  <testcase name="verifyInvalidEmailAndMobileErrorMessages{ANZ_CreateAccountData}[2]" classname="com.afterpay.app.appium.tests.ANZ.CreateAccountTests.FieldValidationErrorTests" time="18.537"/>
</testsuite>